Using pre-set license
Built from '2020.3/release' branch; Version is '2020.3.2f1 (8fd9074bf66c) revision 9427207'; Using compiler version '192528614'; Build Type 'Release'
OS: 'Windows 10 Pro; OS build 19042.985; Version 2009; 64bit' Language: 'en' Physical Memory: 11223 MB
BatchMode: 1, IsHumanControllingUs: 0, StartBugReporterOnCrash: 0, Is64bit: 1, IsPro: 0

 COMMAND LINE ARGUMENTS:
C:\Program Files\Unity\Hub\Editor\2020.3.2f1\Editor\Unity.exe
-adb2
-batchMode
-noUpm
-name
AssetImportWorker0
-projectPath
I:/Game Developemnet/Unity 3D/ColorBumpClone
-logFile
Logs/AssetImportWorker0.log
-srvPort
55144
Successfully changed project path to: I:/Game Developemnet/Unity 3D/ColorBumpClone
I:/Game Developemnet/Unity 3D/ColorBumpClone
Using Asset Import Pipeline V2.
Refreshing native plugins compatible for Editor in 489.46 ms, found 0 plugins.
Preloading 0 native plugins for Editor in 0.00 ms.
Initialize engine version: 2020.3.2f1 (8fd9074bf66c)
[Subsystems] Discovering subsystems at path C:/Program Files/Unity/Hub/Editor/2020.3.2f1/Editor/Data/Resources/UnitySubsystems
[Subsystems] Discovering subsystems at path I:/Game Developemnet/Unity 3D/ColorBumpClone/Assets
GfxDevice: creating device client; threaded=0
Direct3D:
    Version:  Direct3D 11.0 [level 11.0]
    Renderer: NVIDIA GeForce GT 710 (ID=0x128b)
    Vendor:   
    VRAM:     2007 MB
    Driver:   27.21.14.6172
Initialize mono
Mono path[0] = 'C:/Program Files/Unity/Hub/Editor/2020.3.2f1/Editor/Data/Managed'
Mono path[1] = 'C:/Program Files/Unity/Hub/Editor/2020.3.2f1/Editor/Data/MonoBleedingEdge/lib/mono/unityjit'
Mono config path = 'C:/Program Files/Unity/Hub/Editor/2020.3.2f1/Editor/Data/MonoBleedingEdge/etc'
Using monoOptions --debugger-agent=transport=dt_socket,embedding=1,server=y,suspend=n,address=127.0.0.1:56828
Begin MonoManager ReloadAssembly
Registering precompiled unity dll's ...
Register platform support module: C:/Program Files/Unity/Hub/Editor/2020.3.2f1/Editor/Data/PlaybackEngines/WindowsStandaloneSupport/UnityEditor.WindowsStandalone.Extensions.dll
Registered in 0.009959 seconds.
Native extension for WindowsStandalone target not found
Refreshing native plugins compatible for Editor in 66.36 ms, found 0 plugins.
Preloading 0 native plugins for Editor in 0.00 ms.
Invoked RoslynAnalysisRunner static constructor.
RoslynAnalysisRunner will not be running.
RoslynAnalysisRunner has terminated.
Mono: successfully reloaded assembly
- Completed reload, in  7.703 seconds
Platform modules already initialized, skipping
Registering precompiled user dll's ...
Registered in 0.001478 seconds.
Begin MonoManager ReloadAssembly
Native extension for WindowsStandalone target not found
Refreshing native plugins compatible for Editor in 0.87 ms, found 0 plugins.
Preloading 0 native plugins for Editor in 0.00 ms.
Invoked RoslynAnalysisRunner static constructor.
RoslynAnalysisRunner will not be running.
RoslynAnalysisRunner has terminated.
Mono: successfully reloaded assembly
- Completed reload, in  4.325 seconds
Platform modules already initialized, skipping
========================================================================
Worker process is ready to serve import requests
Launched and connected shader compiler UnityShaderCompiler.exe after 0.46 seconds
Refreshing native plugins compatible for Editor in 0.37 ms, found 0 plugins.
Preloading 0 native plugins for Editor in 0.00 ms.
Unloading 1414 Unused Serialized files (Serialized files now loaded: 0)
System memory in use before: 71.7 MB.
System memory in use after: 71.7 MB.

Unloading 10 unused Assets to reduce memory usage. Loaded Objects now: 1855.
Total: 4.073100 ms (FindLiveObjects: 0.195700 ms CreateObjectMapping: 0.067500 ms MarkObjects: 3.607100 ms  DeleteObjects: 0.201000 ms)

========================================================================
Received Import Request.
  path: Assets/Samples/2D SpriteShape/5.1.2/Sprite Shape Samples
  artifactKey: Guid(8871b47ea56e99d49adf9ccea1c9abb3) Importer(815301076,1909f56bfc062723c751e8b465ee728b)
Start importing Assets/Samples/2D SpriteShape/5.1.2/Sprite Shape Samples using Guid(8871b47ea56e99d49adf9ccea1c9abb3) Importer(815301076,1909f56bfc062723c751e8b465ee728b)  -> (artifact id: 'b48fd4321830f436d4177c50351db644') in 0.032517 seconds
  Import took 0.049316 seconds .

========================================================================
Received Import Request.
  Time since last request: 0.000599 seconds.
  path: Assets/Samples/2D SpriteShape/5.1.2/Sprite Shape Samples/Sprites/Grass Outline.png
  artifactKey: Guid(8a213466b4b3642faa34dd7853586d96) Importer(815301076,1909f56bfc062723c751e8b465ee728b)
Start importing Assets/Samples/2D SpriteShape/5.1.2/Sprite Shape Samples/Sprites/Grass Outline.png using Guid(8a213466b4b3642faa34dd7853586d96) Importer(815301076,1909f56bfc062723c751e8b465ee728b)  -> (artifact id: '9036e4d29b04e5bf02eea90f8359f01e') in 0.786187 seconds
  Import took 0.799953 seconds .

========================================================================
Received Import Request.
  Time since last request: 0.000996 seconds.
  path: Assets/Samples/2D SpriteShape/5.1.2/Sprite Shape Samples/Sprites/Dark Grey Fill.png
  artifactKey: Guid(9f145c794d2be4ed98c48eefdf471e02) Importer(815301076,1909f56bfc062723c751e8b465ee728b)
Start importing Assets/Samples/2D SpriteShape/5.1.2/Sprite Shape Samples/Sprites/Dark Grey Fill.png using Guid(9f145c794d2be4ed98c48eefdf471e02) Importer(815301076,1909f56bfc062723c751e8b465ee728b)  -> (artifact id: '08ce3ce774c1551eb6a37b0dd03a0edd') in 0.060334 seconds
  Import took 0.076822 seconds .

========================================================================
Received Import Request.
  Time since last request: 0.000463 seconds.
  path: Assets/Samples/2D SpriteShape/5.1.2/Sprite Shape Samples/Sprites
  artifactKey: Guid(6e2b06c2628824e9baa4806f97a36d27) Importer(815301076,1909f56bfc062723c751e8b465ee728b)
Start importing Assets/Samples/2D SpriteShape/5.1.2/Sprite Shape Samples/Sprites using Guid(6e2b06c2628824e9baa4806f97a36d27) Importer(815301076,1909f56bfc062723c751e8b465ee728b)  -> (artifact id: '11127790cb5914e7601287a41c865325') in 0.038313 seconds
  Import took 0.056235 seconds .

========================================================================
Received Import Request.
  Time since last request: 0.000622 seconds.
  path: Assets/Samples/2D SpriteShape/5.1.2/Sprite Shape Samples/Sprites/CastleWall.psd
  artifactKey: Guid(2a23c00cde465461fb598526b91deedc) Importer(815301076,1909f56bfc062723c751e8b465ee728b)
Start importing Assets/Samples/2D SpriteShape/5.1.2/Sprite Shape Samples/Sprites/CastleWall.psd using Guid(2a23c00cde465461fb598526b91deedc) Importer(815301076,1909f56bfc062723c751e8b465ee728b)  -> (artifact id: '6756d4a471d439e4da8ca4c5e796ae30') in 0.230951 seconds
  Import took 0.295957 seconds .

========================================================================
Received Import Request.
  Time since last request: 0.000174 seconds.
  path: Assets/Samples/2D SpriteShape/5.1.2/Sprite Shape Samples/Sprites/Grass Top.png
  artifactKey: Guid(a4fef30bb3ca5463a9c33c123a81604a) Importer(815301076,1909f56bfc062723c751e8b465ee728b)
Start importing Assets/Samples/2D SpriteShape/5.1.2/Sprite Shape Samples/Sprites/Grass Top.png using Guid(a4fef30bb3ca5463a9c33c123a81604a) Importer(815301076,1909f56bfc062723c751e8b465ee728b)  -> (artifact id: '532462cf7ac7e3eb3af28787a84d286a') in 0.081520 seconds
  Import took 0.130756 seconds .

========================================================================
Received Import Request.
  Time since last request: 0.000669 seconds.
  path: Assets/Samples/2D SpriteShape/5.1.2/Sprite Shape Samples/Sprites/Orange Outline.png
  artifactKey: Guid(8c2b3b75a86844168b54c83f67a5fe8e) Importer(815301076,1909f56bfc062723c751e8b465ee728b)
Start importing Assets/Samples/2D SpriteShape/5.1.2/Sprite Shape Samples/Sprites/Orange Outline.png using Guid(8c2b3b75a86844168b54c83f67a5fe8e) Importer(815301076,1909f56bfc062723c751e8b465ee728b)  -> (artifact id: 'a2a919cbd42ccd5f4bef2c93800fd0a1') in 0.057732 seconds
  Import took 0.068643 seconds .

========================================================================
Received Import Request.
  Time since last request: 0.000438 seconds.
  path: Assets/Samples/2D SpriteShape/5.1.2/Sprite Shape Samples/Sprites/Grass Strip.png
  artifactKey: Guid(4f39beab6f36e4012aa0112a3a02828d) Importer(815301076,1909f56bfc062723c751e8b465ee728b)
Start importing Assets/Samples/2D SpriteShape/5.1.2/Sprite Shape Samples/Sprites/Grass Strip.png using Guid(4f39beab6f36e4012aa0112a3a02828d) Importer(815301076,1909f56bfc062723c751e8b465ee728b)  -> (artifact id: '3a1359c95e308b1480f6f6535d31ae8b') in 0.063852 seconds
  Import took 0.074239 seconds .

========================================================================
Received Import Request.
  Time since last request: 0.000499 seconds.
  path: Assets/Samples/2D SpriteShape
  artifactKey: Guid(b9f6cebdc24884e4e96bcf0d0f99b085) Importer(815301076,1909f56bfc062723c751e8b465ee728b)
Start importing Assets/Samples/2D SpriteShape using Guid(b9f6cebdc24884e4e96bcf0d0f99b085) Importer(815301076,1909f56bfc062723c751e8b465ee728b)  -> (artifact id: '85522909c79627f8d1b0077e8aa73c65') in 0.068479 seconds
  Import took 0.088332 seconds .

========================================================================
Received Import Request.
  Time since last request: 0.000354 seconds.
  path: Assets/Samples/2D SpriteShape/5.1.2
  artifactKey: Guid(e64649d3e1ed83c44bcd30da6fa686ea) Importer(815301076,1909f56bfc062723c751e8b465ee728b)
Start importing Assets/Samples/2D SpriteShape/5.1.2 using Guid(e64649d3e1ed83c44bcd30da6fa686ea) Importer(815301076,1909f56bfc062723c751e8b465ee728b)  -> (artifact id: '68e27d56eaabae7e2d39227e4e6fd252') in 0.076608 seconds
  Import took 0.121927 seconds .

========================================================================
Received Import Request.
  Time since last request: 0.000199 seconds.
  path: Assets/Samples/2D SpriteShape/5.1.2/Sprite Shape Samples/Sprites/Grass Top - With Small Rocks.png
  artifactKey: Guid(edb6cf28f071342d7bbc2a3b3d8ab101) Importer(815301076,1909f56bfc062723c751e8b465ee728b)
Start importing Assets/Samples/2D SpriteShape/5.1.2/Sprite Shape Samples/Sprites/Grass Top - With Small Rocks.png using Guid(edb6cf28f071342d7bbc2a3b3d8ab101) Importer(815301076,1909f56bfc062723c751e8b465ee728b)  -> (artifact id: '5ae49db042b90ccf00c79e0cf1c028ab') in 0.086710 seconds
  Import took 0.109744 seconds .

========================================================================
Received Import Request.
  Time since last request: 0.000379 seconds.
  path: Assets/Samples/2D SpriteShape/5.1.2/Sprite Shape Samples/Sprites/Grass Top - With Flowers.png
  artifactKey: Guid(715d5c70d2ef94e2b87c9ba60ec550b0) Importer(815301076,1909f56bfc062723c751e8b465ee728b)
Start importing Assets/Samples/2D SpriteShape/5.1.2/Sprite Shape Samples/Sprites/Grass Top - With Flowers.png using Guid(715d5c70d2ef94e2b87c9ba60ec550b0) Importer(815301076,1909f56bfc062723c751e8b465ee728b)  -> (artifact id: '81501a26cff00354bf95ba6c8b91cc57') in 0.069412 seconds
  Import took 0.080151 seconds .

========================================================================
Received Import Request.
  Time since last request: 25.591813 seconds.
  path: Assets/Samples/2D SpriteShape/5.1.2/Sprite Shape Samples/Sprites/Tree Fill A.png
  artifactKey: Guid(944b339e9356d4737b4ca1c72673fb91) Importer(815301076,1909f56bfc062723c751e8b465ee728b)
Start importing Assets/Samples/2D SpriteShape/5.1.2/Sprite Shape Samples/Sprites/Tree Fill A.png using Guid(944b339e9356d4737b4ca1c72673fb91) Importer(815301076,1909f56bfc062723c751e8b465ee728b)  -> (artifact id: '847f46ad2a54298b44dedaac02264e0c') in 0.052291 seconds
  Import took 0.065537 seconds .

========================================================================
Received Import Request.
  Time since last request: 0.962047 seconds.
  path: Assets/Samples/2D SpriteShape/5.1.2/Sprite Shape Samples/Sprites/Tree Fill B.png
  artifactKey: Guid(ddb6c47c0e7d0472781803547ddba869) Importer(815301076,1909f56bfc062723c751e8b465ee728b)
Start importing Assets/Samples/2D SpriteShape/5.1.2/Sprite Shape Samples/Sprites/Tree Fill B.png using Guid(ddb6c47c0e7d0472781803547ddba869) Importer(815301076,1909f56bfc062723c751e8b465ee728b)  -> (artifact id: '75eaa94962c263be50e85c7c2d55c847') in 0.062746 seconds
  Import took 0.071379 seconds .

========================================================================
Received Import Request.
  Time since last request: 1.055843 seconds.
  path: Assets/Samples/2D SpriteShape/5.1.2/Sprite Shape Samples/Sprites/Tree FIll C.png
  artifactKey: Guid(5d7be72d5dc404d048456a48d2b1838e) Importer(815301076,1909f56bfc062723c751e8b465ee728b)
Start importing Assets/Samples/2D SpriteShape/5.1.2/Sprite Shape Samples/Sprites/Tree FIll C.png using Guid(5d7be72d5dc404d048456a48d2b1838e) Importer(815301076,1909f56bfc062723c751e8b465ee728b)  -> (artifact id: '904284f6a552853aee1f5c62be520c0c') in 0.052581 seconds
  Import took 0.068592 seconds .

========================================================================
Received Import Request.
  Time since last request: 7.841709 seconds.
  path: Assets/Samples
  artifactKey: Guid(7f6bb309921317945abac8dbb42e43d4) Importer(815301076,1909f56bfc062723c751e8b465ee728b)
Start importing Assets/Samples using Guid(7f6bb309921317945abac8dbb42e43d4) Importer(815301076,1909f56bfc062723c751e8b465ee728b)  -> (artifact id: 'da28330f0d91e90e60c3bc247cb80f18') in 0.013284 seconds
  Import took 0.033556 seconds .

========================================================================
Received Import Request.
  Time since last request: 6027.384923 seconds.
  path: Assets/Textures/Line.png
  artifactKey: Guid(c0df9025523f4644c884da84fc001216) Importer(815301076,1909f56bfc062723c751e8b465ee728b)
Start importing Assets/Textures/Line.png using Guid(c0df9025523f4644c884da84fc001216) Importer(815301076,1909f56bfc062723c751e8b465ee728b)  -> (artifact id: 'd87e6a7b1efa6b5aa869fddedb8cf193') in 5.432677 seconds
  Import took 7.205046 seconds .

========================================================================
Received Import Request.
  Time since last request: 24.405783 seconds.
  path: Assets/Textures/Line.png
  artifactKey: Guid(c0df9025523f4644c884da84fc001216) Importer(815301076,1909f56bfc062723c751e8b465ee728b)
Start importing Assets/Textures/Line.png using Guid(c0df9025523f4644c884da84fc001216) Importer(815301076,1909f56bfc062723c751e8b465ee728b)  -> (artifact id: 'fc6b7fc4c2b978f1d068178e1c5c36d4') in 2.662746 seconds
  Import took 2.936947 seconds .

========================================================================
Received Import Request.
  Time since last request: 425.828974 seconds.
  path: Assets/Scripts/Goal.cs
  artifactKey: Guid(c28c4f706d901394a8eae0af7d4bc36a) Importer(815301076,1909f56bfc062723c751e8b465ee728b)
Start importing Assets/Scripts/Goal.cs using Guid(c28c4f706d901394a8eae0af7d4bc36a) Importer(815301076,1909f56bfc062723c751e8b465ee728b)  -> (artifact id: '479c807e962d69dc0ba3c0a0653c7117') in 4.761052 seconds
  Import took 4.765421 seconds .

========================================================================
Received Prepare
Registering precompiled user dll's ...
Registered in 0.001119 seconds.
Begin MonoManager ReloadAssembly
Native extension for WindowsStandalone target not found
Refreshing native plugins compatible for Editor in 0.93 ms, found 0 plugins.
Preloading 0 native plugins for Editor in 0.00 ms.
Invoked RoslynAnalysisRunner static constructor.
RoslynAnalysisRunner will not be running.
RoslynAnalysisRunner has terminated.
Mono: successfully reloaded assembly
- Completed reload, in 156.998 seconds
Platform modules already initialized, skipping
Switching build target platform(5) subTarget(0) extendedPlatform(0) -> platform(13) subTarget(537395200) extendedPlatform(0)
Refreshing native plugins compatible for Editor in 0.28 ms, found 0 plugins.
Preloading 0 native plugins for Editor in 0.00 ms.
Unloading 1412 Unused Serialized files (Serialized files now loaded: 0)
System memory in use before: 74.6 MB.
System memory in use after: 74.7 MB.

Unloading 5 unused Assets to reduce memory usage. Loaded Objects now: 1877.
Total: 2.641600 ms (FindLiveObjects: 0.266000 ms CreateObjectMapping: 0.221600 ms MarkObjects: 2.058900 ms  DeleteObjects: 0.093800 ms)

AssetImportParameters requested are different than current active one (requested -> active):
  custom:graphics/normal-map-encoding: 01000000000000000000000000000000 -> 02000000000000000000000000000000
========================================================================
Received Prepare
Registering precompiled user dll's ...
Registered in 0.000881 seconds.
Begin MonoManager ReloadAssembly
Native extension for WindowsStandalone target not found
Refreshing native plugins compatible for Editor in 0.74 ms, found 0 plugins.
Preloading 0 native plugins for Editor in 0.00 ms.
Invoked RoslynAnalysisRunner static constructor.
RoslynAnalysisRunner will not be running.
RoslynAnalysisRunner has terminated.
Mono: successfully reloaded assembly
- Completed reload, in  1.065 seconds
Platform modules already initialized, skipping
Switching build target platform(5) subTarget(0) extendedPlatform(0) -> platform(13) subTarget(537395200) extendedPlatform(0)
Refreshing native plugins compatible for Editor in 0.34 ms, found 0 plugins.
Preloading 0 native plugins for Editor in 0.00 ms.
Unloading 1412 Unused Serialized files (Serialized files now loaded: 0)
System memory in use before: 74.7 MB.
System memory in use after: 74.8 MB.

Unloading 5 unused Assets to reduce memory usage. Loaded Objects now: 1880.
Total: 3.311700 ms (FindLiveObjects: 0.185400 ms CreateObjectMapping: 0.063600 ms MarkObjects: 2.982800 ms  DeleteObjects: 0.078400 ms)

AssetImportParameters requested are different than current active one (requested -> active):
  custom:graphics/normal-map-encoding: 01000000000000000000000000000000 -> 02000000000000000000000000000000
========================================================================
Received Prepare
Registering precompiled user dll's ...
Registered in 0.001273 seconds.
Begin MonoManager ReloadAssembly
Native extension for WindowsStandalone target not found
Refreshing native plugins compatible for Editor in 0.31 ms, found 0 plugins.
Preloading 0 native plugins for Editor in 0.00 ms.
Invoked RoslynAnalysisRunner static constructor.
RoslynAnalysisRunner will not be running.
RoslynAnalysisRunner has terminated.
Mono: successfully reloaded assembly
- Completed reload, in  1.534 seconds
Platform modules already initialized, skipping
Switching build target platform(5) subTarget(0) extendedPlatform(0) -> platform(13) subTarget(537395200) extendedPlatform(0)
Refreshing native plugins compatible for Editor in 0.82 ms, found 0 plugins.
Preloading 0 native plugins for Editor in 0.00 ms.
Unloading 1412 Unused Serialized files (Serialized files now loaded: 0)
System memory in use before: 74.7 MB.
System memory in use after: 74.8 MB.

Unloading 5 unused Assets to reduce memory usage. Loaded Objects now: 1883.
Total: 2.612100 ms (FindLiveObjects: 0.213700 ms CreateObjectMapping: 0.107200 ms MarkObjects: 2.227300 ms  DeleteObjects: 0.062400 ms)

AssetImportParameters requested are different than current active one (requested -> active):
  custom:graphics/normal-map-encoding: 01000000000000000000000000000000 -> 02000000000000000000000000000000
========================================================================
Received Prepare
Registering precompiled user dll's ...
Registered in 0.001222 seconds.
Begin MonoManager ReloadAssembly
Native extension for WindowsStandalone target not found
Refreshing native plugins compatible for Editor in 0.29 ms, found 0 plugins.
Preloading 0 native plugins for Editor in 0.00 ms.
Invoked RoslynAnalysisRunner static constructor.
RoslynAnalysisRunner will not be running.
RoslynAnalysisRunner has terminated.
Mono: successfully reloaded assembly
- Completed reload, in  1.070 seconds
Platform modules already initialized, skipping
Switching build target platform(5) subTarget(0) extendedPlatform(0) -> platform(13) subTarget(537395200) extendedPlatform(0)
Refreshing native plugins compatible for Editor in 0.33 ms, found 0 plugins.
Preloading 0 native plugins for Editor in 0.00 ms.
Unloading 1412 Unused Serialized files (Serialized files now loaded: 0)
System memory in use before: 74.7 MB.
System memory in use after: 74.8 MB.

Unloading 5 unused Assets to reduce memory usage. Loaded Objects now: 1886.
Total: 1.943700 ms (FindLiveObjects: 0.172100 ms CreateObjectMapping: 0.057300 ms MarkObjects: 1.647300 ms  DeleteObjects: 0.066000 ms)

AssetImportParameters requested are different than current active one (requested -> active):
  custom:graphics/normal-map-encoding: 01000000000000000000000000000000 -> 02000000000000000000000000000000
========================================================================
Received Prepare
Registering precompiled user dll's ...
Registered in 0.000935 seconds.
Begin MonoManager ReloadAssembly
Native extension for WindowsStandalone target not found
Refreshing native plugins compatible for Editor in 0.29 ms, found 0 plugins.
Preloading 0 native plugins for Editor in 0.00 ms.
Invoked RoslynAnalysisRunner static constructor.
RoslynAnalysisRunner will not be running.
RoslynAnalysisRunner has terminated.
Mono: successfully reloaded assembly
- Completed reload, in  1.099 seconds
Platform modules already initialized, skipping
Switching build target platform(5) subTarget(0) extendedPlatform(0) -> platform(13) subTarget(537395200) extendedPlatform(0)
Refreshing native plugins compatible for Editor in 0.29 ms, found 0 plugins.
Preloading 0 native plugins for Editor in 0.00 ms.
Unloading 1412 Unused Serialized files (Serialized files now loaded: 0)
System memory in use before: 74.7 MB.
System memory in use after: 74.8 MB.

Unloading 5 unused Assets to reduce memory usage. Loaded Objects now: 1889.
Total: 2.298800 ms (FindLiveObjects: 0.247800 ms CreateObjectMapping: 0.053800 ms MarkObjects: 1.933800 ms  DeleteObjects: 0.062400 ms)

AssetImportParameters requested are different than current active one (requested -> active):
  custom:graphics/normal-map-encoding: 01000000000000000000000000000000 -> 02000000000000000000000000000000
========================================================================
Received Prepare
Registering precompiled user dll's ...
Registered in 0.000908 seconds.
Begin MonoManager ReloadAssembly
Native extension for WindowsStandalone target not found
Refreshing native plugins compatible for Editor in 0.29 ms, found 0 plugins.
Preloading 0 native plugins for Editor in 0.00 ms.
Invoked RoslynAnalysisRunner static constructor.
RoslynAnalysisRunner will not be running.
RoslynAnalysisRunner has terminated.
Mono: successfully reloaded assembly
- Completed reload, in  1.119 seconds
Platform modules already initialized, skipping
Switching build target platform(5) subTarget(0) extendedPlatform(0) -> platform(13) subTarget(537395200) extendedPlatform(0)
Refreshing native plugins compatible for Editor in 0.28 ms, found 0 plugins.
Preloading 0 native plugins for Editor in 0.00 ms.
Unloading 1412 Unused Serialized files (Serialized files now loaded: 0)
System memory in use before: 74.7 MB.
System memory in use after: 74.8 MB.

Unloading 5 unused Assets to reduce memory usage. Loaded Objects now: 1892.
Total: 2.270700 ms (FindLiveObjects: 0.397200 ms CreateObjectMapping: 0.079100 ms MarkObjects: 1.722600 ms  DeleteObjects: 0.070700 ms)

AssetImportParameters requested are different than current active one (requested -> active):
  custom:graphics/normal-map-encoding: 01000000000000000000000000000000 -> 02000000000000000000000000000000
========================================================================
Received Prepare
Registering precompiled user dll's ...
Registered in 0.001286 seconds.
Begin MonoManager ReloadAssembly
Native extension for WindowsStandalone target not found
Refreshing native plugins compatible for Editor in 0.29 ms, found 0 plugins.
Preloading 0 native plugins for Editor in 0.00 ms.
Invoked RoslynAnalysisRunner static constructor.
RoslynAnalysisRunner will not be running.
RoslynAnalysisRunner has terminated.
Mono: successfully reloaded assembly
- Completed reload, in  1.263 seconds
Platform modules already initialized, skipping
Switching build target platform(5) subTarget(0) extendedPlatform(0) -> platform(13) subTarget(537395200) extendedPlatform(0)
Refreshing native plugins compatible for Editor in 0.30 ms, found 0 plugins.
Preloading 0 native plugins for Editor in 0.00 ms.
Unloading 1412 Unused Serialized files (Serialized files now loaded: 0)
System memory in use before: 74.7 MB.
System memory in use after: 74.8 MB.

Unloading 5 unused Assets to reduce memory usage. Loaded Objects now: 1895.
Total: 2.019300 ms (FindLiveObjects: 0.187200 ms CreateObjectMapping: 0.059300 ms MarkObjects: 1.669900 ms  DeleteObjects: 0.101300 ms)

AssetImportParameters requested are different than current active one (requested -> active):
  custom:graphics/normal-map-encoding: 01000000000000000000000000000000 -> 02000000000000000000000000000000
========================================================================
Received Prepare
Registering precompiled user dll's ...
Registered in 0.000998 seconds.
Begin MonoManager ReloadAssembly
Native extension for WindowsStandalone target not found
Refreshing native plugins compatible for Editor in 0.31 ms, found 0 plugins.
Preloading 0 native plugins for Editor in 0.00 ms.
Invoked RoslynAnalysisRunner static constructor.
RoslynAnalysisRunner will not be running.
RoslynAnalysisRunner has terminated.
Mono: successfully reloaded assembly
- Completed reload, in  1.210 seconds
Platform modules already initialized, skipping
Switching build target platform(5) subTarget(0) extendedPlatform(0) -> platform(13) subTarget(537395200) extendedPlatform(0)
Refreshing native plugins compatible for Editor in 0.28 ms, found 0 plugins.
Preloading 0 native plugins for Editor in 0.00 ms.
Unloading 1412 Unused Serialized files (Serialized files now loaded: 0)
System memory in use before: 74.7 MB.
System memory in use after: 74.8 MB.

Unloading 5 unused Assets to reduce memory usage. Loaded Objects now: 1898.
Total: 3.489200 ms (FindLiveObjects: 0.279400 ms CreateObjectMapping: 0.090600 ms MarkObjects: 3.012100 ms  DeleteObjects: 0.105900 ms)

AssetImportParameters requested are different than current active one (requested -> active):
  custom:graphics/normal-map-encoding: 01000000000000000000000000000000 -> 02000000000000000000000000000000
========================================================================
Received Prepare
Registering precompiled user dll's ...
Registered in 0.001432 seconds.
Begin MonoManager ReloadAssembly
Native extension for WindowsStandalone target not found
Refreshing native plugins compatible for Editor in 0.29 ms, found 0 plugins.
Preloading 0 native plugins for Editor in 0.00 ms.
Invoked RoslynAnalysisRunner static constructor.
RoslynAnalysisRunner will not be running.
RoslynAnalysisRunner has terminated.
Mono: successfully reloaded assembly
- Completed reload, in  1.226 seconds
Platform modules already initialized, skipping
Switching build target platform(5) subTarget(0) extendedPlatform(0) -> platform(13) subTarget(537395200) extendedPlatform(0)
Refreshing native plugins compatible for Editor in 0.29 ms, found 0 plugins.
Preloading 0 native plugins for Editor in 0.00 ms.
Unloading 1412 Unused Serialized files (Serialized files now loaded: 0)
System memory in use before: 74.7 MB.
System memory in use after: 74.8 MB.

Unloading 5 unused Assets to reduce memory usage. Loaded Objects now: 1901.
Total: 2.696300 ms (FindLiveObjects: 0.419800 ms CreateObjectMapping: 0.163200 ms MarkObjects: 2.022000 ms  DeleteObjects: 0.090100 ms)

AssetImportParameters requested are different than current active one (requested -> active):
  custom:graphics/normal-map-encoding: 01000000000000000000000000000000 -> 02000000000000000000000000000000
========================================================================
Received Prepare
Registering precompiled user dll's ...
Registered in 0.001033 seconds.
Begin MonoManager ReloadAssembly
Native extension for WindowsStandalone target not found
Refreshing native plugins compatible for Editor in 0.37 ms, found 0 plugins.
Preloading 0 native plugins for Editor in 0.00 ms.
Invoked RoslynAnalysisRunner static constructor.
RoslynAnalysisRunner will not be running.
RoslynAnalysisRunner has terminated.
Mono: successfully reloaded assembly
- Completed reload, in  1.225 seconds
Platform modules already initialized, skipping
Switching build target platform(5) subTarget(0) extendedPlatform(0) -> platform(13) subTarget(537395200) extendedPlatform(0)
Refreshing native plugins compatible for Editor in 0.28 ms, found 0 plugins.
Preloading 0 native plugins for Editor in 0.00 ms.
Unloading 1412 Unused Serialized files (Serialized files now loaded: 0)
System memory in use before: 74.7 MB.
System memory in use after: 74.8 MB.

Unloading 5 unused Assets to reduce memory usage. Loaded Objects now: 1904.
Total: 2.525100 ms (FindLiveObjects: 0.177000 ms CreateObjectMapping: 0.053000 ms MarkObjects: 2.188100 ms  DeleteObjects: 0.105900 ms)

AssetImportParameters requested are different than current active one (requested -> active):
  custom:graphics/normal-map-encoding: 01000000000000000000000000000000 -> 02000000000000000000000000000000
========================================================================
Received Import Request.
  Time since last request: 43925.206016 seconds.
  path: Assets/Scripts/GameView.cs
  artifactKey: Guid(ead9b943d118c9e4b998633678fbad9e) Importer(815301076,1909f56bfc062723c751e8b465ee728b)
Start importing Assets/Scripts/GameView.cs using Guid(ead9b943d118c9e4b998633678fbad9e) Importer(815301076,1909f56bfc062723c751e8b465ee728b)  -> (artifact id: '9c4e03bc2ec22706840c4215974ec0f8') in 0.064919 seconds
  Import took 0.085618 seconds .

========================================================================
Received Import Request.
  Time since last request: 282.978438 seconds.
  path: Assets/Scripts/GameView.cs
  artifactKey: Guid(ead9b943d118c9e4b998633678fbad9e) Importer(815301076,1909f56bfc062723c751e8b465ee728b)
Start importing Assets/Scripts/GameView.cs using Guid(ead9b943d118c9e4b998633678fbad9e) Importer(815301076,1909f56bfc062723c751e8b465ee728b)  -> (artifact id: 'b1dd32837efb2fb14ed59a8fc58d9675') in 0.029754 seconds
  Import took 0.037223 seconds .

========================================================================
Received Prepare
Registering precompiled user dll's ...
Registered in 0.000905 seconds.
Begin MonoManager ReloadAssembly
Native extension for WindowsStandalone target not found
Refreshing native plugins compatible for Editor in 0.28 ms, found 0 plugins.
Preloading 0 native plugins for Editor in 0.00 ms.
Invoked RoslynAnalysisRunner static constructor.
RoslynAnalysisRunner will not be running.
RoslynAnalysisRunner has terminated.
Mono: successfully reloaded assembly
- Completed reload, in  1.346 seconds
Platform modules already initialized, skipping
Switching build target platform(5) subTarget(0) extendedPlatform(0) -> platform(13) subTarget(537395200) extendedPlatform(0)
Refreshing native plugins compatible for Editor in 0.32 ms, found 0 plugins.
Preloading 0 native plugins for Editor in 0.00 ms.
Unloading 1413 Unused Serialized files (Serialized files now loaded: 0)
System memory in use before: 74.8 MB.
System memory in use after: 74.8 MB.

Unloading 5 unused Assets to reduce memory usage. Loaded Objects now: 1908.
Total: 6.896000 ms (FindLiveObjects: 0.256100 ms CreateObjectMapping: 0.074000 ms MarkObjects: 5.928900 ms  DeleteObjects: 0.635200 ms)

AssetImportParameters requested are different than current active one (requested -> active):
  custom:graphics/normal-map-encoding: 01000000000000000000000000000000 -> 02000000000000000000000000000000
========================================================================
Received Prepare
Registering precompiled user dll's ...
Registered in 0.000888 seconds.
Begin MonoManager ReloadAssembly
Native extension for WindowsStandalone target not found
Refreshing native plugins compatible for Editor in 0.28 ms, found 0 plugins.
Preloading 0 native plugins for Editor in 0.00 ms.
Invoked RoslynAnalysisRunner static constructor.
RoslynAnalysisRunner will not be running.
RoslynAnalysisRunner has terminated.
Mono: successfully reloaded assembly
- Completed reload, in  1.205 seconds
Platform modules already initialized, skipping
Switching build target platform(5) subTarget(0) extendedPlatform(0) -> platform(13) subTarget(537395200) extendedPlatform(0)
Refreshing native plugins compatible for Editor in 0.29 ms, found 0 plugins.
Preloading 0 native plugins for Editor in 0.00 ms.
Unloading 1413 Unused Serialized files (Serialized files now loaded: 0)
System memory in use before: 74.8 MB.
System memory in use after: 74.9 MB.

Unloading 5 unused Assets to reduce memory usage. Loaded Objects now: 1911.
Total: 2.393600 ms (FindLiveObjects: 0.169700 ms CreateObjectMapping: 0.054100 ms MarkObjects: 2.054300 ms  DeleteObjects: 0.103700 ms)

AssetImportParameters requested are different than current active one (requested -> active):
  custom:graphics/normal-map-encoding: 01000000000000000000000000000000 -> 02000000000000000000000000000000
========================================================================
Received Prepare
Registering precompiled user dll's ...
Registered in 0.000984 seconds.
Begin MonoManager ReloadAssembly
Native extension for WindowsStandalone target not found
Refreshing native plugins compatible for Editor in 0.54 ms, found 0 plugins.
Preloading 0 native plugins for Editor in 0.00 ms.
Invoked RoslynAnalysisRunner static constructor.
RoslynAnalysisRunner will not be running.
RoslynAnalysisRunner has terminated.
Mono: successfully reloaded assembly
- Completed reload, in  1.528 seconds
Platform modules already initialized, skipping
Switching build target platform(5) subTarget(0) extendedPlatform(0) -> platform(13) subTarget(537395200) extendedPlatform(0)
Refreshing native plugins compatible for Editor in 0.61 ms, found 0 plugins.
Preloading 0 native plugins for Editor in 0.00 ms.
Unloading 1413 Unused Serialized files (Serialized files now loaded: 0)
System memory in use before: 74.8 MB.
System memory in use after: 74.9 MB.

Unloading 5 unused Assets to reduce memory usage. Loaded Objects now: 1914.
Total: 3.463000 ms (FindLiveObjects: 0.353900 ms CreateObjectMapping: 0.068600 ms MarkObjects: 2.929300 ms  DeleteObjects: 0.109000 ms)

AssetImportParameters requested are different than current active one (requested -> active):
  custom:graphics/normal-map-encoding: 01000000000000000000000000000000 -> 02000000000000000000000000000000
========================================================================
Received Prepare
Registering precompiled user dll's ...
Registered in 0.000963 seconds.
Begin MonoManager ReloadAssembly
Native extension for WindowsStandalone target not found
Refreshing native plugins compatible for Editor in 0.31 ms, found 0 plugins.
Preloading 0 native plugins for Editor in 0.00 ms.
Invoked RoslynAnalysisRunner static constructor.
RoslynAnalysisRunner will not be running.
RoslynAnalysisRunner has terminated.
Mono: successfully reloaded assembly
- Completed reload, in  1.404 seconds
Platform modules already initialized, skipping
Switching build target platform(5) subTarget(0) extendedPlatform(0) -> platform(13) subTarget(537395200) extendedPlatform(0)
Refreshing native plugins compatible for Editor in 0.36 ms, found 0 plugins.
Preloading 0 native plugins for Editor in 0.00 ms.
Unloading 1413 Unused Serialized files (Serialized files now loaded: 0)
System memory in use before: 74.8 MB.
System memory in use after: 74.9 MB.

Unloading 5 unused Assets to reduce memory usage. Loaded Objects now: 1917.
Total: 4.252000 ms (FindLiveObjects: 0.295200 ms CreateObjectMapping: 0.120100 ms MarkObjects: 3.651200 ms  DeleteObjects: 0.167700 ms)

AssetImportParameters requested are different than current active one (requested -> active):
  custom:graphics/normal-map-encoding: 01000000000000000000000000000000 -> 02000000000000000000000000000000
========================================================================
Received Prepare
Registering precompiled user dll's ...
Registered in 0.000938 seconds.
Begin MonoManager ReloadAssembly
Native extension for WindowsStandalone target not found
Refreshing native plugins compatible for Editor in 0.28 ms, found 0 plugins.
Preloading 0 native plugins for Editor in 0.00 ms.
Invoked RoslynAnalysisRunner static constructor.
RoslynAnalysisRunner will not be running.
RoslynAnalysisRunner has terminated.
Mono: successfully reloaded assembly
- Completed reload, in  1.467 seconds
Platform modules already initialized, skipping
Switching build target platform(5) subTarget(0) extendedPlatform(0) -> platform(13) subTarget(537395200) extendedPlatform(0)
Refreshing native plugins compatible for Editor in 0.46 ms, found 0 plugins.
Preloading 0 native plugins for Editor in 0.00 ms.
Unloading 1413 Unused Serialized files (Serialized files now loaded: 0)
System memory in use before: 74.8 MB.
System memory in use after: 74.9 MB.

Unloading 5 unused Assets to reduce memory usage. Loaded Objects now: 1920.
Total: 1.915600 ms (FindLiveObjects: 0.210100 ms CreateObjectMapping: 0.056200 ms MarkObjects: 1.579900 ms  DeleteObjects: 0.068200 ms)

AssetImportParameters requested are different than current active one (requested -> active):
  custom:graphics/normal-map-encoding: 01000000000000000000000000000000 -> 02000000000000000000000000000000
========================================================================
Received Prepare
Registering precompiled user dll's ...
Registered in 0.001103 seconds.
Begin MonoManager ReloadAssembly
Native extension for WindowsStandalone target not found
Refreshing native plugins compatible for Editor in 0.30 ms, found 0 plugins.
Preloading 0 native plugins for Editor in 0.00 ms.
Invoked RoslynAnalysisRunner static constructor.
RoslynAnalysisRunner will not be running.
RoslynAnalysisRunner has terminated.
Mono: successfully reloaded assembly
- Completed reload, in  1.439 seconds
Platform modules already initialized, skipping
Switching build target platform(5) subTarget(0) extendedPlatform(0) -> platform(13) subTarget(537395200) extendedPlatform(0)
Refreshing native plugins compatible for Editor in 0.29 ms, found 0 plugins.
Preloading 0 native plugins for Editor in 0.00 ms.
Unloading 1413 Unused Serialized files (Serialized files now loaded: 0)
System memory in use before: 74.8 MB.
System memory in use after: 74.9 MB.

Unloading 5 unused Assets to reduce memory usage. Loaded Objects now: 1923.
Total: 3.433600 ms (FindLiveObjects: 0.353900 ms CreateObjectMapping: 0.070700 ms MarkObjects: 2.950200 ms  DeleteObjects: 0.057000 ms)

AssetImportParameters requested are different than current active one (requested -> active):
  custom:graphics/normal-map-encoding: 01000000000000000000000000000000 -> 02000000000000000000000000000000
========================================================================
Received Prepare
Registering precompiled user dll's ...
Registered in 0.001057 seconds.
Begin MonoManager ReloadAssembly
Native extension for WindowsStandalone target not found
Refreshing native plugins compatible for Editor in 0.41 ms, found 0 plugins.
Preloading 0 native plugins for Editor in 0.00 ms.
Invoked RoslynAnalysisRunner static constructor.
RoslynAnalysisRunner will not be running.
RoslynAnalysisRunner has terminated.
Mono: successfully reloaded assembly
- Completed reload, in  1.365 seconds
Platform modules already initialized, skipping
Switching build target platform(5) subTarget(0) extendedPlatform(0) -> platform(13) subTarget(537395200) extendedPlatform(0)
Refreshing native plugins compatible for Editor in 0.43 ms, found 0 plugins.
Preloading 0 native plugins for Editor in 0.00 ms.
Unloading 1413 Unused Serialized files (Serialized files now loaded: 0)
System memory in use before: 74.8 MB.
System memory in use after: 74.9 MB.

Unloading 5 unused Assets to reduce memory usage. Loaded Objects now: 1926.
Total: 3.113200 ms (FindLiveObjects: 0.181400 ms CreateObjectMapping: 0.059200 ms MarkObjects: 2.767300 ms  DeleteObjects: 0.103900 ms)

AssetImportParameters requested are different than current active one (requested -> active):
  custom:graphics/normal-map-encoding: 01000000000000000000000000000000 -> 02000000000000000000000000000000
========================================================================
Received Prepare
Registering precompiled user dll's ...
Registered in 0.000890 seconds.
Begin MonoManager ReloadAssembly
Native extension for WindowsStandalone target not found
Refreshing native plugins compatible for Editor in 0.30 ms, found 0 plugins.
Preloading 0 native plugins for Editor in 0.00 ms.
Invoked RoslynAnalysisRunner static constructor.
RoslynAnalysisRunner will not be running.
RoslynAnalysisRunner has terminated.
Mono: successfully reloaded assembly
- Completed reload, in  1.410 seconds
Platform modules already initialized, skipping
Switching build target platform(5) subTarget(0) extendedPlatform(0) -> platform(13) subTarget(537395200) extendedPlatform(0)
Refreshing native plugins compatible for Editor in 0.31 ms, found 0 plugins.
Preloading 0 native plugins for Editor in 0.00 ms.
Unloading 1413 Unused Serialized files (Serialized files now loaded: 0)
System memory in use before: 74.8 MB.
System memory in use after: 74.9 MB.

Unloading 5 unused Assets to reduce memory usage. Loaded Objects now: 1929.
Total: 2.053100 ms (FindLiveObjects: 0.191200 ms CreateObjectMapping: 0.056900 ms MarkObjects: 1.732700 ms  DeleteObjects: 0.071100 ms)

AssetImportParameters requested are different than current active one (requested -> active):
  custom:graphics/normal-map-encoding: 01000000000000000000000000000000 -> 02000000000000000000000000000000
========================================================================
Received Prepare
Registering precompiled user dll's ...
Registered in 0.001036 seconds.
Begin MonoManager ReloadAssembly
Native extension for WindowsStandalone target not found
Refreshing native plugins compatible for Editor in 0.29 ms, found 0 plugins.
Preloading 0 native plugins for Editor in 0.00 ms.
Invoked RoslynAnalysisRunner static constructor.
RoslynAnalysisRunner will not be running.
RoslynAnalysisRunner has terminated.
Mono: successfully reloaded assembly
- Completed reload, in  1.435 seconds
Platform modules already initialized, skipping
Switching build target platform(5) subTarget(0) extendedPlatform(0) -> platform(13) subTarget(537395200) extendedPlatform(0)
Refreshing native plugins compatible for Editor in 0.28 ms, found 0 plugins.
Preloading 0 native plugins for Editor in 0.00 ms.
Unloading 1413 Unused Serialized files (Serialized files now loaded: 0)
System memory in use before: 74.8 MB.
System memory in use after: 74.9 MB.

Unloading 5 unused Assets to reduce memory usage. Loaded Objects now: 1932.
Total: 2.372900 ms (FindLiveObjects: 0.216500 ms CreateObjectMapping: 0.071200 ms MarkObjects: 1.936600 ms  DeleteObjects: 0.147500 ms)

AssetImportParameters requested are different than current active one (requested -> active):
  custom:graphics/normal-map-encoding: 01000000000000000000000000000000 -> 02000000000000000000000000000000
AssetImportWorkerClient::OnTransportError - code=2 error=End of file
